<?xml version="1.0" encoding="utf-8"?><testsuites name="pytest tests"><testsuite name="pytest" errors="0" failures="0" skipped="0" tests="18" time="8.443" timestamp="2026-02-24T17:55:54.482809+00:00" hostname="agent-env-cfd011f5-3166-4cc6-a9b0-f322323df22f"><testcase classname="backend.tests.test_vhccs.TestAuth" name="test_login_creator" time="0.373" /><testcase classname="backend.tests.test_vhccs.TestAuth" name="test_login_reviewer" time="0.340" /><testcase classname="backend.tests.test_vhccs.TestAuth" name="test_login_admin" time="0.350" /><testcase classname="backend.tests.test_vhccs.TestAuth" name="test_login_invalid" time="0.120" /><testcase classname="backend.tests.test_vhccs.TestAuth" name="test_me_endpoint" time="0.594" /><testcase classname="backend.tests.test_vhccs.TestSubmissions" name="test_submit_content" time="0.557" /><testcase classname="backend.tests.test_vhccs.TestSubmissions" name="test_submit_content_too_short" time="0.820" /><testcase classname="backend.tests.test_vhccs.TestSubmissions" name="test_admin_submission_auto_approved" time="0.562" /><testcase classname="backend.tests.test_vhccs.TestSubmissions" name="test_list_submissions" time="0.453" /><testcase classname="backend.tests.test_vhccs.TestModeration" name="test_moderation_queue" time="0.513" /><testcase classname="backend.tests.test_vhccs.TestModeration" name="test_moderation_stats" time="0.561" /><testcase classname="backend.tests.test_vhccs.TestModeration" name="test_creator_cannot_access_queue" time="0.513" /><testcase classname="backend.tests.test_vhccs.TestModeration" name="test_approve_submission" time="1.163" /><testcase classname="backend.tests.test_vhccs.TestRegistry" name="test_registry" time="0.266" /><testcase classname="backend.tests.test_vhccs.TestRegistry" name="test_registry_search" time="0.131" /><testcase classname="backend.tests.test_vhccs.TestRegistry" name="test_registry_stats" time="0.146" /><testcase classname="backend.tests.test_vhccs.TestVerify" name="test_verify_valid_cert" time="0.326" /><testcase classname="backend.tests.test_vhccs.TestVerify" name="test_verify_invalid" time="0.147" /></testsuite></testsuites>