<?xml version="1.0" encoding="utf-8"?><testsuites name="pytest tests"><testsuite name="pytest" errors="0" failures="0" skipped="0" tests="20" time="4.557" timestamp="2026-02-25T05:39:55.388335+00:00" hostname="agent-env-cfd011f5-3166-4cc6-a9b0-f322323df22f"><testcase classname="backend.tests.test_new_features.TestAdminStats" name="test_admin_can_get_stats" time="0.673" /><testcase classname="backend.tests.test_new_features.TestAdminStats" name="test_creator_cannot_get_stats" time="0.532" /><testcase classname="backend.tests.test_new_features.TestAdminStats" name="test_no_auth_fails" time="0.141" /><testcase classname="backend.tests.test_new_features.TestAdminUsers" name="test_admin_list_users" time="0.148" /><testcase classname="backend.tests.test_new_features.TestAdminUsers" name="test_creator_cannot_list_users" time="0.137" /><testcase classname="backend.tests.test_new_features.TestAdminUserStatus" name="test_suspend_and_reactivate_user" time="0.352" /><testcase classname="backend.tests.test_new_features.TestAdminUserStatus" name="test_invalid_status_fails" time="0.218" /><testcase classname="backend.tests.test_new_features.TestAdminUserStatus" name="test_creator_cannot_update_status" time="0.232" /><testcase classname="backend.tests.test_new_features.TestAdminTrustScore" name="test_update_trust_score" time="0.326" /><testcase classname="backend.tests.test_new_features.TestAdminTrustScore" name="test_invalid_trust_score_out_of_range" time="0.205" /><testcase classname="backend.tests.test_new_features.TestAPIKeys" name="test_create_api_key" time="0.113" /><testcase classname="backend.tests.test_new_features.TestAPIKeys" name="test_list_api_keys" time="0.102" /><testcase classname="backend.tests.test_new_features.TestAPIKeys" name="test_third_party_verify_with_api_key" time="0.218" /><testcase classname="backend.tests.test_new_features.TestAPIKeys" name="test_third_party_verify_requires_api_key" time="0.102" /><testcase classname="backend.tests.test_new_features.TestAPIKeys" name="test_third_party_verify_invalid_key" time="0.114" /><testcase classname="backend.tests.test_new_features.TestAPIKeys" name="test_delete_api_key" time="0.135" /><testcase classname="backend.tests.test_new_features.TestAPIKeys" name="test_revoked_key_cannot_be_used" time="0.121" /><testcase classname="backend.tests.test_new_features.TestPDFCertificate" name="test_pdf_returns_valid_content" time="0.258" /><testcase classname="backend.tests.test_new_features.TestPDFCertificate" name="test_pdf_invalid_cert_returns_404" time="0.108" /><testcase classname="backend.tests.test_new_features.TestSubmissionAIDetection" name="test_submission_has_ai_detection_fields" time="0.236" /></testsuite></testsuites>